<?xml version='1.0' encoding='UTF-8'?>
<result plugin="junit@1.21">
  <suites>
    <suite>
      <file>C:\Users\Administrator\workspace\jpet\target\surefire-reports\TEST-TestSuite.xml</file>
      <name>TestSuite</name>
      <duration>123.485</duration>
      <time>123.485</time>
      <cases>
        <case>
          <duration>64.356</duration>
          <className>jpetStoreckg.catalogueDetailPage4</className>
          <testName>setup</testName>
          <skipped>false</skipped>
          <failedSince>0</failedSince>
        </case>
        <case>
          <duration>4.787</duration>
          <className>jpetStoreckg.catalogueDetailPage5</className>
          <testName>setup</testName>
          <skipped>false</skipped>
          <failedSince>0</failedSince>
        </case>
        <case>
          <duration>4.31</duration>
          <className>jpetStoreckg.catalogueDetailPage</className>
          <testName>setup</testName>
          <skipped>false</skipped>
          <failedSince>0</failedSince>
        </case>
        <case>
          <duration>4.548</duration>
          <className>jpetStoreckg.catalogueDetailPage2</className>
          <testName>setup</testName>
          <skipped>false</skipped>
          <failedSince>0</failedSince>
        </case>
        <case>
          <duration>4.203</duration>
          <className>jpetStoreckg.catalogueDetailPage3</className>
          <testName>setup</testName>
          <skipped>false</skipped>
          <failedSince>0</failedSince>
        </case>
        <case>
          <duration>4.551</duration>
          <className>jpetStoreckg.catalogueTest</className>
          <testName>setup</testName>
          <skipped>false</skipped>
          <failedSince>0</failedSince>
        </case>
        <case>
          <duration>4.46</duration>
          <className>jpetStoreckg.signOut</className>
          <testName>setup</testName>
          <skipped>false</skipped>
          <errorStackTrace>java.lang.AssertionError: expected [My Account] but found [?]
	at jpetStoreckg.signOut.setup(signOut.java:34)
</errorStackTrace>
          <errorDetails>expected [My Account] but found [?]</errorDetails>
          <failedSince>44</failedSince>
        </case>
        <case>
          <duration>4.473</duration>
          <className>jpetStoreckg.homePageNavigation</className>
          <testName>setup</testName>
          <skipped>false</skipped>
          <failedSince>0</failedSince>
        </case>
        <case>
          <duration>4.579</duration>
          <className>jpetStoreckg.catalogueTest4</className>
          <testName>setup</testName>
          <skipped>false</skipped>
          <failedSince>0</failedSince>
        </case>
        <case>
          <duration>4.525</duration>
          <className>jpetStoreckg.catalogueTest5</className>
          <testName>setup</testName>
          <skipped>false</skipped>
          <failedSince>0</failedSince>
        </case>
        <case>
          <duration>3.861</duration>
          <className>jpetStoreckg.baseTest</className>
          <testName>setup</testName>
          <skipped>false</skipped>
          <failedSince>0</failedSince>
        </case>
        <case>
          <duration>5.094</duration>
          <className>jpetStoreckg.catalogueTest2</className>
          <testName>setup</testName>
          <skipped>false</skipped>
          <failedSince>0</failedSince>
        </case>
        <case>
          <duration>4.325</duration>
          <className>jpetStoreckg.catalogueTest3</className>
          <testName>setup</testName>
          <skipped>false</skipped>
          <failedSince>0</failedSince>
        </case>
        <case>
          <duration>4.7</duration>
          <className>jpetStoreckg.cartPage</className>
          <testName>setup</testName>
          <skipped>false</skipped>
          <failedSince>0</failedSince>
        </case>
      </cases>
    </suite>
  </suites>
  <duration>123.485</duration>
  <keepLongStdio>false</keepLongStdio>
</result>