Started by upstream project "[8mha:////4OX7rKzTozYWuFQnxMoASWErhf1Jj0T01+0drJZ/jtLmAAAAmR+LCAAAAAAAAP9b85aBtbiIQTGjNKU4P08vOT+vOD8nVc83PyU1x6OyILUoJzMv2y+/JJUBAhiZGBgqihhk0NSjKDWzXb3RdlLBUSYGJk8GtpzUvPSSDB8G5tKinBIGIZ+sxLJE/ZzEvHT94JKizLx0a6BxUmjGOUNodHsLgAyOEgY+/az8JH2n0sycFKB+fQCQXCA9wwAAAA==[0mBuilding" build number [8mha:////4IV0FtwrslJkf+dXzZRbJiacVIiae7oZbxrbFnyExPbLAAAAmR+LCAAAAAAAAP9b85aBtbiIQTGjNKU4P08vOT+vOD8nVc83PyU1x6OyILUoJzMv2y+/JJUBAhiZGBgqihhk0NSjKDWzXb3RdlLBUSYGJk8GtpzUvPSSDB8G5tKinBIGIZ+sxLJE/ZzEvHT94JKizLx0a6BxUmjGOUNodHsLQIwSBn79rPwkfafSzJwUoH59MwBAxaGdxAAAAA==[0m6
originally caused by:
 Started by upstream project "[8mha:////4Or0Neg6j6JfocigXPXyOiAtm0mX8IaCx6GLtNqV4+dkAAAAmR+LCAAAAAAAAP9b85aBtbiIQTGjNKU4P08vOT+vOD8nVc83PyU1x6OyILUoJzMv2y+/JJUBAhiZGBgqihhk0NSjKDWzXb3RdlLBUSYGJk8GtpzUvPSSDB8G5tKinBIGIZ+sxLJE/ZzEvHT94JKizLx0a6BxUmjGOUNodHsLgAyOEgY+/az8JP3g/NKiZKB+fQAAbmJAwwAAAA==[0mSourcing" build number [8mha:////4EUtzgsnZakxeAVQbI56f3P6kbq/9dsJc7ze3cvbcrbVAAAAmR+LCAAAAAAAAP9b85aBtbiIQTGjNKU4P08vOT+vOD8nVc83PyU1x6OyILUoJzMv2y+/JJUBAhiZGBgqihhk0NSjKDWzXb3RdlLBUSYGJk8GtpzUvPSSDB8G5tKinBIGIZ+sxLJE/ZzEvHT94JKizLx0a6BxUmjGOUNodHsLQIwSBn79rPwk/eD80qJkoH59cwCgJNQaxAAAAA==[0m7
 originally caused by:
  Started by user [8mha:////4DlDI0t6+uXLX11pe76GRu+kT2PsFbdYdgk20GMhygYeAAAAmR+LCAAAAAAAAP9b85aBtbiIQTGjNKU4P08vOT+vOD8nVc83PyU1x6OyILUoJzMv2y+/JJUBAhiZGBgqihhk0NSjKDWzXb3RdlLBUSYGJk8GtpzUvPSSDB8G5tKinBIGIZ+sxLJE/ZzEvHT94JKizLx0a6BxUmjGOUNodHsLgAyeEgZe/dLi1CL94oyi1Mr4YgBtwcQHwgAAAA==[0mShrey Sangal
[EnvInject] - Loading node environment variables.
Building on master in workspace /var/lib/jenkins/workspace/UT_CC
[UT_CC] $ /bin/ksh -xe /tmp/jenkins6376873216924771999.sh
+ cd /var/lib/jenkins/workspace
+ cp -r /var/lib/jenkins/workspace/Building UT_CC
[UT_CC] $ /opt/sonar-runner-2.4/bin/sonar-runner -e -Dsonar.host.url=http://10.1.23.186:9000/sonar/ ******** -Dsonar.projectName=UT_CC -Dsonar.projectVersion=1.0 -Dsonar.tests=/var/lib/jenkins/workspace/UT_CC/gameoflife-web/src/test -Dsonar.projectKey=UT_CC -Dsonar.sources=/var/lib/jenkins/workspace/UT_CC/gameoflife-web/src/main -Dsonar.projectBaseDir=/var/lib/jenkins/workspace/UT_CC
SonarQube Runner 2.4
Java 1.8.0_131 Oracle Corporation (64-bit)
Linux 3.10.0-514.26.2.el7.x86_64 amd64
INFO: Error stacktraces are turned on.
INFO: Runner configuration file: /opt/sonar-runner-2.4/conf/sonar-runner.properties
INFO: Project configuration file: NONE
INFO: Default locale: "en_US", source code encoding: "UTF-8" (analysis is platform dependent)
INFO: Work directory: /var/lib/jenkins/workspace/UT_CC/.sonar
INFO: SonarQube Server 6.0
13:23:15.352 INFO  - Load global repositories
13:23:15.761 INFO  - Load global repositories (done) | time=412ms
13:23:15.840 WARN  - Property 'sonar.jdbc.url' is not supported any more. It will be ignored. There is no longer any DB connection to the SQ database.
13:23:15.853 INFO  - User cache: /var/lib/jenkins/.sonar/cache
13:23:17.537 INFO  - Load plugins index
13:23:17.568 INFO  - Load plugins index (done) | time=31ms
13:23:18.747 INFO  - Process project properties
13:23:18.758 ERROR - Invalid value of sonar.tests for UT_CC
INFO: ------------------------------------------------------------------------
INFO: EXECUTION FAILURE
INFO: ------------------------------------------------------------------------
Total time: 6.872s
Final Memory: 9M/303M
INFO: ------------------------------------------------------------------------
ERROR: Error during Sonar runner execution
org.sonar.runner.impl.RunnerException: Unable to execute Sonar
	at org.sonar.runner.impl.BatchLauncher$1.delegateExecution(BatchLauncher.java:91)
	at org.sonar.runner.impl.BatchLauncher$1.run(BatchLauncher.java:75)
	at java.security.AccessController.doPrivileged(Native Method)
	at org.sonar.runner.impl.BatchLauncher.doExecute(BatchLauncher.java:69)
	at org.sonar.runner.impl.BatchLauncher.execute(BatchLauncher.java:50)
	at org.sonar.runner.api.EmbeddedRunner.doExecute(EmbeddedRunner.java:102)
	at org.sonar.runner.api.Runner.execute(Runner.java:100)
	at org.sonar.runner.Main.executeTask(Main.java:70)
	at org.sonar.runner.Main.execute(Main.java:59)
	at org.sonar.runner.Main.main(Main.java:53)
Caused by: The folder '/var/lib/jenkins/workspace/UT_CC/gameoflife-web/src/test' does not exist for 'UT_CC' (base directory = /var/lib/jenkins/workspace/UT_CC)
ERROR: 
ERROR: Re-run SonarQube Runner using the -X switch to enable full debug logging.
ERROR: SonarQube scanner exited with non-zero code: 1
[8mha:////4Owt+nPWY0DoD8KVAniklFo5RNKeFLIewm1axEdOriXkAAAAVx+LCAAAAAAAAP9b85aBtbiIQSmjNKU4P08vOT+vOD8nVc8DzHWtSE4tKMnMz/PLL0mV3NWzufebKBsTA0NFEYMUmgZnCA1SyAABjCCFBQC2xNaiYAAAAA==[0mRecording test results
[BFA] Scanning build for known causes...
[BFA] No failure causes found
[BFA] Done. 0s
Notifying upstream projects of job completion
Warning: â€˜Access Control for Buildsâ€™ in global security configuration is empty, so falling back to legacy behavior of permitting any downstream builds to be triggered
Finished: FAILURE
