Started by user [8mha:////4DlDI0t6+uXLX11pe76GRu+kT2PsFbdYdgk20GMhygYeAAAAmR+LCAAAAAAAAP9b85aBtbiIQTGjNKU4P08vOT+vOD8nVc83PyU1x6OyILUoJzMv2y+/JJUBAhiZGBgqihhk0NSjKDWzXb3RdlLBUSYGJk8GtpzUvPSSDB8G5tKinBIGIZ+sxLJE/ZzEvHT94JKizLx0a6BxUmjGOUNodHsLgAyeEgZe/dLi1CL94oyi1Mr4YgBtwcQHwgAAAA==[0mShrey Sangal
[EnvInject] - Loading node environment variables.
Building remotely on [8mha:////4P0Edm1qOx6bkpknxQaskj3cPDrZSuVDbSOOY8bnTrprAAAAox+LCAAAAAAAAP9b85aBtbiIQTGjNKU4P08vOT+vOD8nVc83PyU1x6OyILUoJzMv2y+/JJUBAhiZGBgqihhk0NSjKDWzXb3RdlLBUSYGJk8GtpzUvPSSDB8G5tKinBIGIZ+sxLJE/ZzEvHT94JKizLx0a6BxUmjGOUNodHsLgAzeEgZx/eT83ILSktQi/fDMvJT88mKF4JzEslQAFMGkyMwAAAA=[0mWindows Slave (windows) in workspace C:\Program Files (x86)\Jenkins\workspace\jpetTest
java.io.IOException: Failed to mkdirs: C:\Program Files (x86)\Jenkins\workspace\jpetTest
	at hudson.FilePath.mkdirs(FilePath.java:1171)
	at hudson.model.AbstractProject.checkout(AbstractProject.java:1274)
	at hudson.model.AbstractBuild$AbstractBuildExecution.defaultCheckout(AbstractBuild.java:560)
	at jenkins.scm.SCMCheckoutStrategy.checkout(SCMCheckoutStrategy.java:86)
	at hudson.model.AbstractBuild$AbstractBuildExecution.run(AbstractBuild.java:485)
	at hudson.model.Run.execute(Run.java:1735)
	at hudson.maven.MavenModuleSetBuild.run(MavenModuleSetBuild.java:542)
	at hudson.model.ResourceController.execute(ResourceController.java:97)
	at hudson.model.Executor.run(Executor.java:405)
[BFA] Scanning build for known causes...
[BFA] No failure causes found
[BFA] Done. 0s
Notifying upstream projects of job completion
Finished: FAILURE
