<?xml version='1.0' encoding='UTF-8'?>
<result plugin="junit@1.21">
  <suites>
    <suite>
      <file>C:\Users\Administrator\workspace\jpet\target\surefire-reports\TEST-TestSuite.xml</file>
      <name>TestSuite</name>
      <duration>60.727</duration>
      <time>60.727</time>
      <cases>
        <case>
          <duration>6.243</duration>
          <className>jpetStoreckg.catalogueDetailPage4</className>
          <testName>setup</testName>
          <skipped>false</skipped>
          <failedSince>0</failedSince>
        </case>
        <case>
          <duration>3.648</duration>
          <className>jpetStoreckg.catalogueDetailPage5</className>
          <testName>setup</testName>
          <skipped>false</skipped>
          <failedSince>0</failedSince>
        </case>
        <case>
          <duration>4.998</duration>
          <className>jpetStoreckg.Register</className>
          <testName>setup</testName>
          <skipped>false</skipped>
          <failedSince>0</failedSince>
        </case>
        <case>
          <duration>3.466</duration>
          <className>jpetStoreckg.catalogueDetailPage</className>
          <testName>setup</testName>
          <skipped>false</skipped>
          <failedSince>0</failedSince>
        </case>
        <case>
          <duration>3.629</duration>
          <className>jpetStoreckg.catalogueDetailPage2</className>
          <testName>setup</testName>
          <skipped>false</skipped>
          <failedSince>0</failedSince>
        </case>
        <case>
          <duration>3.337</duration>
          <className>jpetStoreckg.catalogueDetailPage3</className>
          <testName>setup</testName>
          <skipped>false</skipped>
          <failedSince>0</failedSince>
        </case>
        <case>
          <duration>3.262</duration>
          <className>jpetStoreckg.catalogueTest</className>
          <testName>setup</testName>
          <skipped>false</skipped>
          <failedSince>0</failedSince>
        </case>
        <case>
          <duration>3.942</duration>
          <className>jpetStoreckg.signOut</className>
          <testName>setup</testName>
          <skipped>false</skipped>
          <failedSince>0</failedSince>
        </case>
        <case>
          <duration>3.196</duration>
          <className>jpetStoreckg.loginTest</className>
          <testName>setup</testName>
          <skipped>false</skipped>
          <errorStackTrace>java.lang.AssertionError: expected [My Account] but found [?]
	at jpetStoreckg.loginTest.setup(loginTest.java:36)
</errorStackTrace>
          <errorDetails>expected [My Account] but found [?]</errorDetails>
          <failedSince>42</failedSince>
        </case>
        <case>
          <duration>3.631</duration>
          <className>jpetStoreckg.homePageNavigation</className>
          <testName>setup</testName>
          <skipped>false</skipped>
          <failedSince>0</failedSince>
        </case>
        <case>
          <duration>3.859</duration>
          <className>jpetStoreckg.catalogueTest4</className>
          <testName>setup</testName>
          <skipped>false</skipped>
          <failedSince>0</failedSince>
        </case>
        <case>
          <duration>2.838</duration>
          <className>jpetStoreckg.catalogueTest5</className>
          <testName>setup</testName>
          <skipped>false</skipped>
          <failedSince>0</failedSince>
        </case>
        <case>
          <duration>3.232</duration>
          <className>jpetStoreckg.baseTest</className>
          <testName>setup</testName>
          <skipped>false</skipped>
          <failedSince>0</failedSince>
        </case>
        <case>
          <duration>3.527</duration>
          <className>jpetStoreckg.catalogueTest2</className>
          <testName>setup</testName>
          <skipped>false</skipped>
          <failedSince>0</failedSince>
        </case>
        <case>
          <duration>3.313</duration>
          <className>jpetStoreckg.catalogueTest3</className>
          <testName>setup</testName>
          <skipped>false</skipped>
          <failedSince>0</failedSince>
        </case>
        <case>
          <duration>3.829</duration>
          <className>jpetStoreckg.cartPage</className>
          <testName>setup</testName>
          <skipped>false</skipped>
          <failedSince>0</failedSince>
        </case>
      </cases>
    </suite>
  </suites>
  <duration>60.727</duration>
  <keepLongStdio>false</keepLongStdio>
</result>