<?xml version='1.0' encoding='UTF-8'?>
<result plugin="junit@1.21">
  <suites>
    <suite>
      <file>C:\Users\Administrator\workspace\jpet\target\surefire-reports\TEST-TestSuite.xml</file>
      <name>TestSuite</name>
      <duration>130.604</duration>
      <time>130.604</time>
      <cases>
        <case>
          <duration>64.763</duration>
          <className>jpetStoreckg.catalogueDetailPage4</className>
          <testName>setup</testName>
          <skipped>false</skipped>
          <failedSince>0</failedSince>
        </case>
        <case>
          <duration>5.109</duration>
          <className>jpetStoreckg.catalogueDetailPage5</className>
          <testName>setup</testName>
          <skipped>false</skipped>
          <failedSince>0</failedSince>
        </case>
        <case>
          <duration>5.057</duration>
          <className>jpetStoreckg.catalogueDetailPage</className>
          <testName>setup</testName>
          <skipped>false</skipped>
          <failedSince>0</failedSince>
        </case>
        <case>
          <duration>5.105</duration>
          <className>jpetStoreckg.catalogueDetailPage2</className>
          <testName>setup</testName>
          <skipped>false</skipped>
          <failedSince>0</failedSince>
        </case>
        <case>
          <duration>4.374</duration>
          <className>jpetStoreckg.catalogueDetailPage3</className>
          <testName>setup</testName>
          <skipped>false</skipped>
          <failedSince>0</failedSince>
        </case>
        <case>
          <duration>4.097</duration>
          <className>jpetStoreckg.catalogueTest</className>
          <testName>setup</testName>
          <skipped>false</skipped>
          <failedSince>0</failedSince>
        </case>
        <case>
          <duration>5.179</duration>
          <className>jpetStoreckg.signOut</className>
          <testName>setup</testName>
          <skipped>false</skipped>
          <errorStackTrace>java.lang.AssertionError: expected [My Account] but found [?]
	at jpetStoreckg.signOut.setup(signOut.java:34)
</errorStackTrace>
          <errorDetails>expected [My Account] but found [?]</errorDetails>
          <failedSince>45</failedSince>
        </case>
        <case>
          <duration>5.207</duration>
          <className>jpetStoreckg.homePageNavigation</className>
          <testName>setup</testName>
          <skipped>false</skipped>
          <failedSince>0</failedSince>
        </case>
        <case>
          <duration>4.013</duration>
          <className>jpetStoreckg.catalogueTest4</className>
          <testName>setup</testName>
          <skipped>false</skipped>
          <failedSince>0</failedSince>
        </case>
        <case>
          <duration>4.86</duration>
          <className>jpetStoreckg.catalogueTest5</className>
          <testName>setup</testName>
          <skipped>false</skipped>
          <failedSince>0</failedSince>
        </case>
        <case>
          <duration>4.319</duration>
          <className>jpetStoreckg.baseTest</className>
          <testName>setup</testName>
          <skipped>false</skipped>
          <failedSince>0</failedSince>
        </case>
        <case>
          <duration>4.57</duration>
          <className>jpetStoreckg.catalogueTest2</className>
          <testName>setup</testName>
          <skipped>false</skipped>
          <failedSince>0</failedSince>
        </case>
        <case>
          <duration>5.63</duration>
          <className>jpetStoreckg.catalogueTest3</className>
          <testName>setup</testName>
          <skipped>false</skipped>
          <failedSince>0</failedSince>
        </case>
        <case>
          <duration>7.417</duration>
          <className>jpetStoreckg.cartPage</className>
          <testName>setup</testName>
          <skipped>false</skipped>
          <failedSince>0</failedSince>
        </case>
      </cases>
    </suite>
  </suites>
  <duration>130.604</duration>
  <keepLongStdio>false</keepLongStdio>
</result>