Started by user [8mha:////4DlDI0t6+uXLX11pe76GRu+kT2PsFbdYdgk20GMhygYeAAAAmR+LCAAAAAAAAP9b85aBtbiIQTGjNKU4P08vOT+vOD8nVc83PyU1x6OyILUoJzMv2y+/JJUBAhiZGBgqihhk0NSjKDWzXb3RdlLBUSYGJk8GtpzUvPSSDB8G5tKinBIGIZ+sxLJE/ZzEvHT94JKizLx0a6BxUmjGOUNodHsLgAyeEgZe/dLi1CL94oyi1Mr4YgBtwcQHwgAAAA==[0mShrey Sangal
[EnvInject] - Loading node environment variables.
Building in workspace /var/lib/jenkins/sharedspace@2
Disk space threshold is set to :0Gb
Checking disk space Now 
diskspace is 35453800448
Total Disk space in workspace is 35453800448
Total Disk Space Available is: 33Gb
 Node Name: master
Running Prebuild steps
Cloning the remote Git repository
Cloning repository https://github.com/shreys-s/job-dsl-gradle-example
 > /bin/git init /var/lib/jenkins/sharedspace@2 # timeout=10
Fetching upstream changes from https://github.com/shreys-s/job-dsl-gradle-example
 > /bin/git --version # timeout=10
using GIT_ASKPASS to set credentials 
 > /bin/git fetch --tags --progress https://github.com/shreys-s/job-dsl-gradle-example +refs/heads/*:refs/remotes/origin/*
 > /bin/git config remote.origin.url https://github.com/shreys-s/job-dsl-gradle-example # timeout=10
 > /bin/git config --add remote.origin.fetch +refs/heads/*:refs/remotes/origin/* # timeout=10
 > /bin/git config remote.origin.url https://github.com/shreys-s/job-dsl-gradle-example # timeout=10
Fetching upstream changes from https://github.com/shreys-s/job-dsl-gradle-example
using GIT_ASKPASS to set credentials 
 > /bin/git fetch --tags --progress https://github.com/shreys-s/job-dsl-gradle-example +refs/heads/master:refs/remotes/origin/master
 > /bin/git rev-parse refs/remotes/origin/master^{commit} # timeout=10
 > /bin/git rev-parse refs/remotes/origin/origin/master^{commit} # timeout=10
Checking out Revision 9c78ce7851d982470439cbd8cc638a69efb1dbb9 (refs/remotes/origin/master)
 > /bin/git config core.sparsecheckout # timeout=10
 > /bin/git checkout -f 9c78ce7851d982470439cbd8cc638a69efb1dbb9
 > /bin/git rev-list 9c78ce7851d982470439cbd8cc638a69efb1dbb9 # timeout=10
No emails were triggered.
[Gradle] - Launching build.
[sharedspace@2] $ gradle clean test
FATAL: command execution failed
[8mha:////4Owt+nPWY0DoD8KVAniklFo5RNKeFLIewm1axEdOriXkAAAAVx+LCAAAAAAAAP9b85aBtbiIQSmjNKU4P08vOT+vOD8nVc8DzHWtSE4tKMnMz/PLL0mV3NWzufebKBsTA0NFEYMUmgZnCA1SyAABjCCFBQC2xNaiYAAAAA==[0mjava.io.IOException: Cannot run program "gradle" (in directory "/var/lib/jenkins/sharedspace@2"): error=2, No such file or directory
	at java.lang.ProcessBuilder.start(ProcessBuilder.java:1048)
	at hudson.Proc$LocalProc.<init>(Proc.java:245)
	at hudson.Proc$LocalProc.<init>(Proc.java:214)
	at hudson.Launcher$LocalLauncher.launch(Launcher.java:846)
	at hudson.Launcher$ProcStarter.start(Launcher.java:384)
	at hudson.Launcher$ProcStarter.join(Launcher.java:395)
	at hudson.plugins.gradle.Gradle.performTask(Gradle.java:314)
	at hudson.plugins.gradle.Gradle.perform(Gradle.java:190)
	at hudson.tasks.BuildStepMonitor$1.perform(BuildStepMonitor.java:20)
	at hudson.model.AbstractBuild$AbstractBuildExecution.perform(AbstractBuild.java:779)
	at hudson.model.Build$BuildExecution.build(Build.java:206)
	at hudson.model.Build$BuildExecution.doRun(Build.java:163)
	at hudson.model.AbstractBuild$AbstractBuildExecution.run(AbstractBuild.java:534)
	at hudson.model.Run.execute(Run.java:1728)
	at hudson.model.FreeStyleBuild.run(FreeStyleBuild.java:43)
	at hudson.model.ResourceController.execute(ResourceController.java:98)
	at hudson.model.Executor.run(Executor.java:405)
Caused by: java.io.IOException: error=2, No such file or directory
	at java.lang.UNIXProcess.forkAndExec(Native Method)
	at java.lang.UNIXProcess.<init>(UNIXProcess.java:247)
	at java.lang.ProcessImpl.start(ProcessImpl.java:134)
	at java.lang.ProcessBuilder.start(ProcessBuilder.java:1029)
	... 16 more
Build step 'Invoke Gradle script' changed build result to FAILURE
Build step 'Invoke Gradle script' marked build as failure
Recording test results
ERROR: Step â€˜Publish JUnit test result reportâ€™ failed: No test report files were found. Configuration error?
[8mha:////4Owt+nPWY0DoD8KVAniklFo5RNKeFLIewm1axEdOriXkAAAAVx+LCAAAAAAAAP9b85aBtbiIQSmjNKU4P08vOT+vOD8nVc8DzHWtSE4tKMnMz/PLL0mV3NWzufebKBsTA0NFEYMUmgZnCA1SyAABjCCFBQC2xNaiYAAAAA==[0m[BFA] Scanning build for known causes...
[BFA] No failure causes found
[BFA] Done. 0s
Started calculate disk usage of build
Finished Calculation of disk usage of build in 0 seconds
Started calculate disk usage of workspace
Finished Calculation of disk usage of workspace in 0 seconds
Notifying upstream projects of job completion
Email was triggered for: Failure - Any
Sending email for trigger: Failure - Any
An attempt to send an e-mail to empty list of recipients, ignored.
Finished: FAILURE
